2026-02-25 10:52:19,123 INFO: [31m[1mWARNING: This is a development server. Do not use it in a production deployment. Use a production WSGI server instead.[0m
 * Running on http://127.0.0.1:5000 [in /Library/Frameworks/Python.framework/Versions/3.14/lib/python3.14/site-packages/werkzeug/_internal.py:97]
2026-02-25 10:52:19,123 INFO: [33mPress CTRL+C to quit[0m [in /Library/Frameworks/Python.framework/Versions/3.14/lib/python3.14/site-packages/werkzeug/_internal.py:97]
2026-02-25 10:52:19,124 INFO:  * Restarting with stat [in /Library/Frameworks/Python.framework/Versions/3.14/lib/python3.14/site-packages/werkzeug/_internal.py:97]
2026-02-25 10:52:19,388 WARNING:  * Debugger is active! [in /Library/Frameworks/Python.framework/Versions/3.14/lib/python3.14/site-packages/werkzeug/_internal.py:97]
2026-02-25 10:52:19,399 INFO:  * Debugger PIN: 473-989-360 [in /Library/Frameworks/Python.framework/Versions/3.14/lib/python3.14/site-packages/werkzeug/_internal.py:97]
2026-02-25 10:53:17,941 INFO:  * Detected change in '/Users/albertwong/Documents/GitHub/TurtleTradingWebApplication/app.py', reloading [in /Library/Frameworks/Python.framework/Versions/3.14/lib/python3.14/site-packages/werkzeug/_internal.py:97]
2026-02-25 10:53:18,025 INFO:  * Restarting with stat [in /Library/Frameworks/Python.framework/Versions/3.14/lib/python3.14/site-packages/werkzeug/_internal.py:97]
2026-02-25 10:53:18,625 WARNING:  * Debugger is active! [in /Library/Frameworks/Python.framework/Versions/3.14/lib/python3.14/site-packages/werkzeug/_internal.py:97]
2026-02-25 10:53:18,636 INFO:  * Debugger PIN: 473-989-360 [in /Library/Frameworks/Python.framework/Versions/3.14/lib/python3.14/site-packages/werkzeug/_internal.py:97]
2026-02-25 10:53:39,831 INFO:  * Detected change in '/Users/albertwong/Documents/GitHub/TurtleTradingWebApplication/app.py', reloading [in /Library/Frameworks/Python.framework/Versions/3.14/lib/python3.14/site-packages/werkzeug/_internal.py:97]
2026-02-25 10:53:39,926 INFO:  * Restarting with stat [in /Library/Frameworks/Python.framework/Versions/3.14/lib/python3.14/site-packages/werkzeug/_internal.py:97]
2026-02-25 10:53:40,292 WARNING:  * Debugger is active! [in /Library/Frameworks/Python.framework/Versions/3.14/lib/python3.14/site-packages/werkzeug/_internal.py:97]
2026-02-25 10:53:40,303 INFO:  * Debugger PIN: 473-989-360 [in /Library/Frameworks/Python.framework/Versions/3.14/lib/python3.14/site-packages/werkzeug/_internal.py:97]
2026-02-25 10:54:28,697 INFO: [31m[1mWARNING: This is a development server. Do not use it in a production deployment. Use a production WSGI server instead.[0m
 * Running on http://127.0.0.1:5000 [in /Library/Frameworks/Python.framework/Versions/3.14/lib/python3.14/site-packages/werkzeug/_internal.py:97]
2026-02-25 10:54:28,697 INFO: [33mPress CTRL+C to quit[0m [in /Library/Frameworks/Python.framework/Versions/3.14/lib/python3.14/site-packages/werkzeug/_internal.py:97]
2026-02-25 10:54:28,698 INFO:  * Restarting with stat [in /Library/Frameworks/Python.framework/Versions/3.14/lib/python3.14/site-packages/werkzeug/_internal.py:97]
2026-02-25 10:54:28,953 WARNING:  * Debugger is active! [in /Library/Frameworks/Python.framework/Versions/3.14/lib/python3.14/site-packages/werkzeug/_internal.py:97]
2026-02-25 10:54:28,964 INFO:  * Debugger PIN: 473-989-360 [in /Library/Frameworks/Python.framework/Versions/3.14/lib/python3.14/site-packages/werkzeug/_internal.py:97]
2026-02-25 10:56:09,798 INFO: 127.0.0.1 - - [25/Feb/2026 10:56:09] "GET /sectors HTTP/1.1" 200 - [in /Library/Frameworks/Python.framework/Versions/3.14/lib/python3.14/site-packages/werkzeug/_internal.py:97]
2026-02-25 10:56:10,959 INFO: 127.0.0.1 - - [25/Feb/2026 10:56:10] "GET /about HTTP/1.1" 200 - [in /Library/Frameworks/Python.framework/Versions/3.14/lib/python3.14/site-packages/werkzeug/_internal.py:97]
2026-02-25 10:56:11,636 INFO: 127.0.0.1 - - [25/Feb/2026 10:56:11] "GET /market_data HTTP/1.1" 200 - [in /Library/Frameworks/Python.framework/Versions/3.14/lib/python3.14/site-packages/werkzeug/_internal.py:97]
2026-02-25 10:56:12,074 INFO: 127.0.0.1 - - [25/Feb/2026 10:56:12] "GET /logs HTTP/1.1" 200 - [in /Library/Frameworks/Python.framework/Versions/3.14/lib/python3.14/site-packages/werkzeug/_internal.py:97]
2026-02-25 10:56:14,774 INFO: 127.0.0.1 - - [25/Feb/2026 10:56:14] "GET /market_data HTTP/1.1" 200 - [in /Library/Frameworks/Python.framework/Versions/3.14/lib/python3.14/site-packages/werkzeug/_internal.py:97]
2026-02-25 10:56:18,220 INFO: 127.0.0.1 - - [25/Feb/2026 10:56:18] "GET /market_data/TPR.csv HTTP/1.1" 200 - [in /Library/Frameworks/Python.framework/Versions/3.14/lib/python3.14/site-packages/werkzeug/_internal.py:97]
2026-02-25 10:56:19,775 INFO: 127.0.0.1 - - [25/Feb/2026 10:56:19] "GET /market_data/SSS HTTP/1.1" 200 - [in /Library/Frameworks/Python.framework/Versions/3.14/lib/python3.14/site-packages/werkzeug/_internal.py:97]
2026-02-25 10:58:08,047 INFO:  * Detected change in '/Users/albertwong/Documents/GitHub/TurtleTradingWebApplication/script_breakout_check_market_open.py', reloading [in /Library/Frameworks/Python.framework/Versions/3.14/lib/python3.14/site-packages/werkzeug/_internal.py:97]
2026-02-25 10:58:08,132 INFO:  * Restarting with stat [in /Library/Frameworks/Python.framework/Versions/3.14/lib/python3.14/site-packages/werkzeug/_internal.py:97]
2026-02-25 10:58:08,526 WARNING:  * Debugger is active! [in /Library/Frameworks/Python.framework/Versions/3.14/lib/python3.14/site-packages/werkzeug/_internal.py:97]
2026-02-25 10:58:08,538 INFO:  * Debugger PIN: 473-989-360 [in /Library/Frameworks/Python.framework/Versions/3.14/lib/python3.14/site-packages/werkzeug/_internal.py:97]
2026-02-25 10:58:11,567 INFO:  * Detected change in '/Users/albertwong/Documents/GitHub/TurtleTradingWebApplication/script_breakout_check_market_close.py', reloading [in /Library/Frameworks/Python.framework/Versions/3.14/lib/python3.14/site-packages/werkzeug/_internal.py:97]
2026-02-25 10:58:11,642 INFO:  * Restarting with stat [in /Library/Frameworks/Python.framework/Versions/3.14/lib/python3.14/site-packages/werkzeug/_internal.py:97]
2026-02-25 10:58:11,919 WARNING:  * Debugger is active! [in /Library/Frameworks/Python.framework/Versions/3.14/lib/python3.14/site-packages/werkzeug/_internal.py:97]
2026-02-25 10:58:11,928 INFO:  * Debugger PIN: 473-989-360 [in /Library/Frameworks/Python.framework/Versions/3.14/lib/python3.14/site-packages/werkzeug/_internal.py:97]
2026-02-25 10:59:30,490 ERROR: Unhandled Exception: 404 Not Found: The requested URL was not found on the server. If you entered the URL manually please check your spelling and try again.
Request path: /market_dataS/SSS [in /Users/albertwong/Documents/GitHub/TurtleTradingWebApplication/app.py:53]
2026-02-25 10:59:30,501 INFO: 127.0.0.1 - - [25/Feb/2026 10:59:30] "[35m[1mGET /market_dataS/SSS HTTP/1.1[0m" 500 - [in /Library/Frameworks/Python.framework/Versions/3.14/lib/python3.14/site-packages/werkzeug/_internal.py:97]
2026-02-25 10:59:30,516 ERROR: Unhandled Exception: 404 Not Found: The requested URL was not found on the server. If you entered the URL manually please check your spelling and try again.
Request path: /favicon.ico [in /Users/albertwong/Documents/GitHub/TurtleTradingWebApplication/app.py:53]
2026-02-25 10:59:30,517 INFO: 127.0.0.1 - - [25/Feb/2026 10:59:30] "[35m[1mGET /favicon.ico HTTP/1.1[0m" 500 - [in /Library/Frameworks/Python.framework/Versions/3.14/lib/python3.14/site-packages/werkzeug/_internal.py:97]
2026-02-25 11:00:32,226 INFO:  * Detected change in '/Users/albertwong/Documents/GitHub/TurtleTradingWebApplication/app.py', reloading [in /Library/Frameworks/Python.framework/Versions/3.14/lib/python3.14/site-packages/werkzeug/_internal.py:97]
2026-02-25 11:00:32,319 INFO:  * Restarting with stat [in /Library/Frameworks/Python.framework/Versions/3.14/lib/python3.14/site-packages/werkzeug/_internal.py:97]
2026-02-25 11:04:41,207 INFO:  * Restarting with stat [in /Library/Frameworks/Python.framework/Versions/3.14/lib/python3.14/site-packages/werkzeug/_internal.py:97]
2026-02-25 11:04:41,664 WARNING:  * Debugger is active! [in /Library/Frameworks/Python.framework/Versions/3.14/lib/python3.14/site-packages/werkzeug/_internal.py:97]
2026-02-25 11:04:41,678 INFO:  * Debugger PIN: 473-989-360 [in /Library/Frameworks/Python.framework/Versions/3.14/lib/python3.14/site-packages/werkzeug/_internal.py:97]
2026-02-25 11:05:31,174 INFO:  * Detected change in '/Users/albertwong/Documents/GitHub/TurtleTradingWebApplication/app.py', reloading [in /Library/Frameworks/Python.framework/Versions/3.14/lib/python3.14/site-packages/werkzeug/_internal.py:97]
2026-02-25 11:05:31,245 INFO:  * Restarting with stat [in /Library/Frameworks/Python.framework/Versions/3.14/lib/python3.14/site-packages/werkzeug/_internal.py:97]
2026-02-25 11:05:31,627 WARNING:  * Debugger is active! [in /Library/Frameworks/Python.framework/Versions/3.14/lib/python3.14/site-packages/werkzeug/_internal.py:97]
2026-02-25 11:05:31,638 INFO:  * Debugger PIN: 473-989-360 [in /Library/Frameworks/Python.framework/Versions/3.14/lib/python3.14/site-packages/werkzeug/_internal.py:97]
2026-02-25 11:06:04,942 INFO:  * Detected change in '/Users/albertwong/Documents/GitHub/TurtleTradingWebApplication/app.py', reloading [in /Library/Frameworks/Python.framework/Versions/3.14/lib/python3.14/site-packages/werkzeug/_internal.py:97]
2026-02-25 11:06:05,039 INFO:  * Restarting with stat [in /Library/Frameworks/Python.framework/Versions/3.14/lib/python3.14/site-packages/werkzeug/_internal.py:97]
2026-02-25 11:09:10,318 INFO:  * Restarting with stat [in /Library/Frameworks/Python.framework/Versions/3.14/lib/python3.14/site-packages/werkzeug/_internal.py:97]
2026-02-25 11:09:21,889 INFO:  * Restarting with stat [in /Library/Frameworks/Python.framework/Versions/3.14/lib/python3.14/site-packages/werkzeug/_internal.py:97]
2026-02-25 11:09:28,409 INFO:  * Restarting with stat [in /Library/Frameworks/Python.framework/Versions/3.14/lib/python3.14/site-packages/werkzeug/_internal.py:97]
2026-02-25 11:29:39,513 INFO:  * Restarting with stat [in /Library/Frameworks/Python.framework/Versions/3.14/lib/python3.14/site-packages/werkzeug/_internal.py:97]
2026-02-25 11:29:56,234 INFO:  * Restarting with stat [in /Library/Frameworks/Python.framework/Versions/3.14/lib/python3.14/site-packages/werkzeug/_internal.py:97]
2026-02-25 11:30:36,070 INFO:  * Restarting with stat [in /Library/Frameworks/Python.framework/Versions/3.14/lib/python3.14/site-packages/werkzeug/_internal.py:97]
2026-02-25 11:31:20,961 INFO:  * Restarting with stat [in /Library/Frameworks/Python.framework/Versions/3.14/lib/python3.14/site-packages/werkzeug/_internal.py:97]
2026-02-25 11:31:45,784 INFO:  * Restarting with stat [in /Library/Frameworks/Python.framework/Versions/3.14/lib/python3.14/site-packages/werkzeug/_internal.py:97]
2026-02-25 11:32:30,657 INFO:  * Restarting with stat [in /Library/Frameworks/Python.framework/Versions/3.14/lib/python3.14/site-packages/werkzeug/_internal.py:97]
2026-02-25 11:32:38,148 INFO:  * Restarting with stat [in /Library/Frameworks/Python.framework/Versions/3.14/lib/python3.14/site-packages/werkzeug/_internal.py:97]
2026-02-25 11:32:41,532 INFO:  * Restarting with stat [in /Library/Frameworks/Python.framework/Versions/3.14/lib/python3.14/site-packages/werkzeug/_internal.py:97]
2026-02-25 11:41:49,367 INFO:  * Restarting with stat [in /Library/Frameworks/Python.framework/Versions/3.14/lib/python3.14/site-packages/werkzeug/_internal.py:97]
2026-02-25 11:41:49,746 WARNING:  * Debugger is active! [in /Library/Frameworks/Python.framework/Versions/3.14/lib/python3.14/site-packages/werkzeug/_internal.py:97]
2026-02-25 11:41:49,760 INFO:  * Debugger PIN: 473-989-360 [in /Library/Frameworks/Python.framework/Versions/3.14/lib/python3.14/site-packages/werkzeug/_internal.py:97]
2026-02-25 11:43:06,751 ERROR: Unhandled Exception: 404 Not Found: The requested URL was not found on the server. If you entered the URL manually please check your spelling and try again.
 [in /Users/albertwong/Documents/GitHub/TurtleTradingWebApplication/app.py:49]
2026-02-25 11:43:06,765 INFO: 127.0.0.1 - - [25/Feb/2026 11:43:06] "[35m[1mGET /market_dataS/SSS HTTP/1.1[0m" 500 - [in /Library/Frameworks/Python.framework/Versions/3.14/lib/python3.14/site-packages/werkzeug/_internal.py:97]
2026-02-25 11:44:17,164 INFO:  * Detected change in '/Users/albertwong/Documents/GitHub/TurtleTradingWebApplication/app.py', reloading [in /Library/Frameworks/Python.framework/Versions/3.14/lib/python3.14/site-packages/werkzeug/_internal.py:97]
2026-02-25 11:44:17,265 INFO:  * Restarting with stat [in /Library/Frameworks/Python.framework/Versions/3.14/lib/python3.14/site-packages/werkzeug/_internal.py:97]
2026-02-25 11:44:17,692 WARNING:  * Debugger is active! [in /Library/Frameworks/Python.framework/Versions/3.14/lib/python3.14/site-packages/werkzeug/_internal.py:97]
2026-02-25 11:44:17,705 INFO:  * Debugger PIN: 473-989-360 [in /Library/Frameworks/Python.framework/Versions/3.14/lib/python3.14/site-packages/werkzeug/_internal.py:97]
2026-02-25 11:51:34,355 INFO:  * Detected change in '/Users/albertwong/Documents/GitHub/TurtleTradingWebApplication/app.py', reloading [in /Library/Frameworks/Python.framework/Versions/3.14/lib/python3.14/site-packages/werkzeug/_internal.py:97]
2026-02-25 11:51:34,437 INFO:  * Restarting with stat [in /Library/Frameworks/Python.framework/Versions/3.14/lib/python3.14/site-packages/werkzeug/_internal.py:97]
2026-02-25 11:51:34,799 WARNING:  * Debugger is active! [in /Library/Frameworks/Python.framework/Versions/3.14/lib/python3.14/site-packages/werkzeug/_internal.py:97]
2026-02-25 11:51:34,810 INFO:  * Debugger PIN: 473-989-360 [in /Library/Frameworks/Python.framework/Versions/3.14/lib/python3.14/site-packages/werkzeug/_internal.py:97]
2026-02-25 11:51:42,876 INFO:  * Detected change in '/Users/albertwong/Documents/GitHub/TurtleTradingWebApplication/app.py', reloading [in /Library/Frameworks/Python.framework/Versions/3.14/lib/python3.14/site-packages/werkzeug/_internal.py:97]
2026-02-25 11:51:42,942 INFO:  * Restarting with stat [in /Library/Frameworks/Python.framework/Versions/3.14/lib/python3.14/site-packages/werkzeug/_internal.py:97]
2026-02-25 11:51:43,303 WARNING:  * Debugger is active! [in /Library/Frameworks/Python.framework/Versions/3.14/lib/python3.14/site-packages/werkzeug/_internal.py:97]
2026-02-25 11:51:43,317 INFO:  * Debugger PIN: 473-989-360 [in /Library/Frameworks/Python.framework/Versions/3.14/lib/python3.14/site-packages/werkzeug/_internal.py:97]
2026-02-25 11:52:01,131 ERROR: Unhandled Exception: 404 Not Found: The requested URL was not found on the server. If you entered the URL manually please check your spelling and try again.
Request path: /market_dataS/SSS [in /Users/albertwong/Documents/GitHub/TurtleTradingWebApplication/app.py:49]
2026-02-25 11:52:01,143 INFO: 127.0.0.1 - - [25/Feb/2026 11:52:01] "[35m[1mGET /market_dataS/SSS HTTP/1.1[0m" 500 - [in /Library/Frameworks/Python.framework/Versions/3.14/lib/python3.14/site-packages/werkzeug/_internal.py:97]
