[START] 2026-02-23 23:30:52.245335 Fill market data job started
[INFO ] 2026-02-23 23:30:52.245383 Current script directory is /volume1/web/sources/turtle_trading_web_application/
[INFO ] 2026-02-23 23:30:52.249351 Found 2 tickers
[END  ] 2026-02-23 23:31:05.433116 Fill market data job ended
[START] 2026-02-24 06:00:02.255907 Fill market data job started
[INFO ] 2026-02-24 06:00:02.255938 Current script directory is /volume1/web/sources/turtle_trading_web_application/
[INFO ] 2026-02-24 06:00:02.259940 Found 100 tickers
[END  ] 2026-02-24 06:09:58.595471 Fill market data job ended
[START] 2026-02-25 06:00:03.131343 Fill market data job started
[INFO ] 2026-02-25 06:00:03.131373 Current script directory is /volume1/web/sources/turtle_trading_web_application/
[INFO ] 2026-02-25 06:00:03.153311 Found 62 tickers
[START] 2026-02-25 09:24:55.324592 Fill market data job started
[INFO ] 2026-02-25 09:24:55.324631 Current script directory is /volume1/web/sources/turtle_trading_web_application/
[INFO ] 2026-02-25 09:24:55.378023 Found 62 tickers
[END  ] 2026-02-25 09:31:23.161562 Fill market data job ended
[START] 2026-02-25 09:34:35.406758 Fill market data job started
[END  ] 2026-02-25 09:40:55.311238 Fill market data job ended (62 tickers filled)
[START] 2026-02-25 15:01:44.322931 Fill market data job started
[END  ] 2026-02-25 15:08:08.334896 Fill market data job ended (62 tickers filled)
[START] 2026-02-25 17:57:27.384577 Fill market data job started
[END  ] 2026-02-25 18:05:36.814569 Fill market data job ended (81 tickers filled)
[START] 2026-02-25 20:50:08.190830 Fill market data job started
[END  ] 2026-02-25 20:58:53.476837 Fill market data job ended (81 tickers filled)
[START] 2026-02-26 06:00:03.157869 Fill market data job started
[END  ] 2026-02-26 06:08:48.441501 Fill market data job ended (81 tickers filled)
[START] 2026-02-27 00:16:35.665681 Fill market data job started
[END  ] 2026-02-27 00:27:44.989638 Fill market data job ended (81 tickers filled)
[START] 2026-02-28 06:00:02.810929 Fill market data job started
[END  ] 2026-02-28 06:10:59.388679 Fill market data job ended (81 tickers filled)
