[START] 2026-02-23 23:12:59.830316 Check breakout at market close job started
[INFO ] 2026-02-23 23:12:59.830346 Current script directory is /volume1/web/sources/turtle_trading_web_application/
[START] 2026-02-23 23:14:32.198854 Check breakout at market close job started
[INFO ] 2026-02-23 23:14:32.198886 Current script directory is /volume1/web/sources/turtle_trading_web_application/
[START] 2026-02-23 23:14:58.278889 Check breakout at market close job started
[INFO ] 2026-02-23 23:14:58.278920 Current script directory is /volume1/web/sources/turtle_trading_web_application/
[START] 2026-02-23 23:19:15.868649 Check breakout at market close job started
[INFO ] 2026-02-23 23:19:15.868683 Current script directory is /volume1/web/sources/turtle_trading_web_application/
[START] 2026-02-23 23:26:21.732488 Check breakout at market close job started
[INFO ] 2026-02-23 23:26:21.732518 Current script directory is /volume1/web/sources/turtle_trading_web_application/
[INFO ] 2026-02-23 23:26:23.140941 Number of price breakout tickers: 1
[INFO ] 2026-02-23 23:26:23.140967 Tickers include: GEHC
[END  ] 2026-02-23 23:26:23.140979 Check breakout at market close job ended
[START] 2026-02-23 23:28:31.473487 Check breakout at market close job started
[INFO ] 2026-02-23 23:28:31.473518 Current script directory is /volume1/web/sources/turtle_trading_web_application/
[INFO ] 2026-02-23 23:28:32.771022 Number of price breakout tickers: 1
[INFO ] 2026-02-23 23:28:32.771049 Tickers include: GEHC
[END  ] 2026-02-23 23:28:32.771060 Check breakout at market close job ended
[START] 2026-02-24 06:30:02.254618 Check breakout at market close job started
[INFO ] 2026-02-24 06:30:02.254645 Current script directory is /volume1/web/sources/turtle_trading_web_application/
[INFO ] 2026-02-24 06:30:03.766249 Number of price breakout tickers: 1
[INFO ] 2026-02-24 06:30:03.766275 Tickers include: PDD
[END  ] 2026-02-24 06:30:03.766286 Check breakout at market close job ended
[START] 2026-02-24 22:27:26.790834 Check breakout at market close job started
[INFO ] 2026-02-24 22:27:26.790865 Current script directory is /volume1/web/sources/turtle_trading_web_application/
[INFO ] 2026-02-24 22:27:28.519034 20-days high Breakout tickers: PDD (Count: 1)
[INFO ] 2026-02-24 22:27:29.830171 55-days high Breakout tickers:  (Count: 0)
[END  ] 2026-02-24 22:27:29.830189 Check breakout at market close job ended
[START] 2026-02-24 22:32:11.414078 Check breakout at market close job started
[INFO ] 2026-02-24 22:32:11.414122 Current script directory is /volume1/web/sources/turtle_trading_web_application/
[INFO ] 2026-02-24 22:32:12.945059 20-days high Breakout tickers: PDD (Count: 1)
[INFO ] 2026-02-24 22:32:14.274186 55-days high Breakout tickers:  (Count: 0)
[END  ] 2026-02-24 22:32:14.274263 Check breakout at market close job ended
[START] 2026-02-24 23:03:15.278699 Check breakout at market close job started
[INFO ] 2026-02-24 23:03:15.278731 Current script directory is /volume1/web/sources/turtle_trading_web_application/
[INFO ] 2026-02-24 23:03:16.823405 20-days high Breakout tickers: PDD (Count: 1)
[INFO ] 2026-02-24 23:03:18.136800 55-days high Breakout tickers:  (Count: 0)
[END  ] 2026-02-24 23:03:18.136843 Check breakout at market close job ended
[START] 2026-02-25 06:30:03.148748 Check breakout at market close job started
[INFO ] 2026-02-25 06:30:03.148798 Current script directory is /volume1/web/sources/turtle_trading_web_application/
[START] 2026-02-25 10:50:32.178303 Check breakout at market close job started
[INFO ] 2026-02-25 10:50:32.178359 Current script directory is /volume1/web/sources/turtle_trading_web_application/
[INFO ] 2026-02-25 10:50:33.219522 20-days high Breakout tickers:  (Count: 0)
[INFO ] 2026-02-25 10:50:34.266452 55-days high Breakout tickers:  (Count: 0)
[END  ] 2026-02-25 10:50:34.266494 Check breakout at market close job ended
[START] 2026-02-25 10:59:09.444313 Check breakout at market close job started
[INFO ] 2026-02-25 10:59:09.444344 Current script directory is /volume1/web/sources/turtle_trading_web_application/
[INFO ] 2026-02-25 10:59:10.484068 20-days high Breakout tickers:  (Count: 0)
[INFO ] 2026-02-25 10:59:11.500926 50-days high Breakout tickers:  (Count: 0)
[END  ] 2026-02-25 10:59:11.500945 Check breakout at market close job ended
[START] 2026-02-25 15:02:34.310930 Check breakout at market close job started
[INFO ] 2026-02-25 15:02:34.310963 Current script directory is /volume1/web/sources/turtle_trading_web_application/
[INFO ] 2026-02-25 15:02:35.498025 20-days high Breakout tickers:  (Count: 0)
[INFO ] 2026-02-25 15:02:36.530519 50-days high Breakout tickers:  (Count: 0)
[END  ] 2026-02-25 15:02:36.530537 Check breakout at market close job ended
[START] 2026-02-25 18:14:19.308118 Check breakout at market close job started
[INFO ] 2026-02-25 18:14:19.308149 Current script directory is /volume1/web/sources/turtle_trading_web_application/
[INFO ] 2026-02-25 18:14:20.124745 20-days high Breakout tickers: AMT, CEG, GE, GEV, LIN, MRK, NEE, NRG, PG, TMUS (Count: 10)
[INFO ] 2026-02-25 18:14:20.918887 50-days high Breakout tickers: AMT, GE, GEV, LIN, MRK, NEE, NRG, PG, TMUS (Count: 9)
[END  ] 2026-02-25 18:14:20.918906 Check breakout at market close job ended
[START] 2026-02-25 18:26:03.823961 Check breakout at market close job started
[INFO ] 2026-02-25 18:26:03.823996 Current script directory is /volume1/web/sources/turtle_trading_web_application/
[INFO ] 2026-02-25 18:26:04.627381 20-days high Breakout tickers: AMT, CEG, GE, GEV, LIN, MRK, NEE, NRG, PG, TMUS (Count: 10)
[INFO ] 2026-02-25 18:26:05.406221 55-days high Breakout tickers: AMT, GE, GEV, LIN, MRK, NEE, NRG, PG, TMUS (Count: 9)
[END  ] 2026-02-25 18:26:05.406239 Check breakout at market close job ended
[START] 2026-02-26 06:30:03.118341 Check breakout at market close job started
[INFO ] 2026-02-26 06:30:03.118373 Current script directory is /volume1/web/sources/turtle_trading_web_application/
[INFO ] 2026-02-26 06:30:03.949327 20-days high Breakout tickers: ALB, CEG, DUK, FCX, GE, GEV, LIN, MRK, NRG, NVDA, PM (Count: 11)
[INFO ] 2026-02-26 06:30:04.757762 55-days high Breakout tickers: ALB, DUK, FCX, GE, GEV, LIN, MRK, NRG, NVDA, PM (Count: 10)
[END  ] 2026-02-26 06:30:04.757805 Check breakout at market close job ended
[START] 2026-02-28 06:30:02.848907 Check breakout at market close job started
[INFO ] 2026-02-28 06:30:02.848943 Current script directory is /volume1/web/sources/turtle_trading_web_application/
[INFO ] 2026-02-28 06:30:03.767748 20-days high Breakout tickers: CEG, DUK, EQT, EXC, NFLX, PG, PLD, SO, VST (Count: 9)
[INFO ] 2026-02-28 06:30:04.626742 55-days high Breakout tickers: DUK, EQT, EXC, PG, PLD, SO (Count: 6)
[END  ] 2026-02-28 06:30:04.626761 Check breakout at market close job ended
[START] 2026-03-01 06:30:05.949282 Check breakout and exit at market close job started
[INFO ] 2026-03-01 06:30:06.880163 [BREAKOUT] 20-days high Breakout tickers: CEG, DUK, EQT, EXC, NFLX, PG, PLD, SO, VST (Count: 9)
[INFO ] 2026-03-01 06:30:07.761323 [BREAKOUT] 55-days high Breakout tickers: DUK, EQT, EXC, PG, PLD, SO (Count: 6)
[END  ] 2026-03-01 06:30:07.762633 Check breakout and exit at market close job ended
[START] 2026-03-02 06:30:05.114313 Check breakout and exit at market close job started
[INFO ] 2026-03-02 06:30:06.058818 [BREAKOUT] 20-days high Breakout tickers: CEG, DUK, EQT, EXC, NFLX, PG, PLD, SO, VST (Count: 9)
[INFO ] 2026-03-02 06:30:06.952450 [BREAKOUT] 55-days high Breakout tickers: DUK, EQT, EXC, PG, PLD, SO (Count: 6)
[END  ] 2026-03-02 06:30:06.968529 Check breakout and exit at market close job ended
[START] 2026-03-02 08:21:41.886779 Check breakout and exit at market close job started
[START] 2026-03-02 08:32:06.887478 Check breakout and exit at market close job started
[INFO ] 2026-03-02 08:32:07.589048 Previous night market (2026-03-02) was closed, skip checking breakout
[END  ] 2026-03-02 08:32:08.280053 Check breakout and exit at market close job ended
[START] 2026-03-03 06:30:03.490783 Check breakout and exit at market close job started
[INFO ] 2026-03-03 06:30:04.189289 Previous night market (2026-03-03) was closed, skip checking breakout
[END  ] 2026-03-03 06:30:04.861185 Check breakout and exit at market close job ended
[START] 2026-03-03 07:55:35.509034 Check breakout and exit at market close job started
[INFO ] 2026-03-03 07:55:36.205617 Previous night market (2026-03-03) was closed, skip checking breakout
[END  ] 2026-03-03 07:55:36.862577 Check breakout and exit at market close job ended
[START] 2026-03-03 07:58:08.995167 Check breakout and exit at market close job started
[INFO ] 2026-03-03 07:58:10.102422 [BREAKOUT] 20-days high Breakout tickers: ABBV, CEG, COP, CVX, DUK, EQT, NEM, NFLX, OXY, RTX, SLB, UNH, VLO, XOM (Count: 14)
[INFO ] 2026-03-03 07:58:10.983691 [BREAKOUT] 55-days high Breakout tickers: ABBV, COP, CVX, DUK, EQT, NFLX, OXY, RTX, SLB, VLO, XOM (Count: 11)
[END  ] 2026-03-03 07:58:11.005998 Check breakout and exit at market close job ended
[START] 2026-03-03 08:25:42.071140 Check breakout and exit at market close job started
[INFO ] 2026-03-03 08:25:42.905102 Previous night market was open, starting breakout check
[INFO ] 2026-03-03 08:25:43.812583 [BREAKOUT] 20-days high Breakout tickers: ABBV, CEG, COP, CVX, DUK, EQT, NEM, NFLX, OXY, RTX, SLB, UNH, VLO, XOM (Count: 14)
[INFO ] 2026-03-03 08:25:44.682215 [BREAKOUT] 55-days high Breakout tickers: ABBV, COP, CVX, DUK, EQT, NFLX, OXY, RTX, SLB, VLO, XOM (Count: 11)
[END  ] 2026-03-03 08:25:45.453757 Check breakout and exit at market close job ended
[START] 2026-03-03 19:37:16.633419 Check breakout and exit at market close job started
[INFO ] 2026-03-03 19:37:17.519898 Previous night market was open, starting breakout check
[INFO ] 2026-03-03 19:37:18.705996 [BREAKOUT] 20-days high Breakout tickers: ABBV, CEG, COP, CVX, DUK, EQT, NEM, NFLX, OXY, RTX, SLB, UNH, VLO, XOM (Count: 14)
[INFO ] 2026-03-03 19:37:19.636165 [BREAKOUT] 55-days high Breakout tickers: ABBV, COP, CVX, DUK, EQT, NFLX, OXY, RTX, SLB, VLO, XOM (Count: 11)
[START] 2026-03-03 19:39:11.520844 Check breakout and exit at market close job started
[INFO ] 2026-03-03 19:39:12.354128 Previous night market was open, starting breakout check
[INFO ] 2026-03-03 19:39:13.290722 [BREAKOUT] 20-days high Breakout tickers: ABBV, CEG, COP, CVX, DUK, EQT, NEM, NFLX, OXY, RTX, SLB, UNH, VLO, XOM (Count: 14)
[INFO ] 2026-03-03 19:39:14.170164 [BREAKOUT] 55-days high Breakout tickers: ABBV, COP, CVX, DUK, EQT, NFLX, OXY, RTX, SLB, VLO, XOM (Count: 11)
[START] 2026-03-03 19:40:13.534795 Check breakout and exit at market close job started
[INFO ] 2026-03-03 19:40:14.368241 Previous night market was open, starting breakout check
[INFO ] 2026-03-03 19:40:15.305214 [BREAKOUT] 20-days high Breakout tickers: ABBV, CEG, COP, CVX, DUK, EQT, NEM, NFLX, OXY, RTX, SLB, UNH, VLO, XOM (Count: 14)
[INFO ] 2026-03-03 19:40:16.252738 [BREAKOUT] 55-days high Breakout tickers: ABBV, COP, CVX, DUK, EQT, NFLX, OXY, RTX, SLB, VLO, XOM (Count: 11)
[END  ] 2026-03-03 19:40:17.056112 Check breakout and exit at market close job ended
[START] 2026-03-03 19:43:52.163170 Check breakout and exit at market close job started
[INFO ] 2026-03-03 19:43:53.002510 Previous night market was open, starting breakout check
[INFO ] 2026-03-03 19:43:54.109110 [BREAKOUT] 20-days high Breakout tickers: ABBV, CEG, COP, CVX, DUK, EQT, NEM, NFLX, OXY, RTX, SLB, UNH, VLO, XOM (Count: 14)
[INFO ] 2026-03-03 19:43:54.983745 [BREAKOUT] 55-days high Breakout tickers: ABBV, COP, CVX, DUK, EQT, NFLX, OXY, RTX, SLB, VLO, XOM (Count: 11)
[END  ] 2026-03-03 19:43:55.800297 Check breakout and exit at market close job ended
[START] 2026-03-04 06:30:03.390249 Check breakout and exit at market close job started
[INFO ] 2026-03-04 06:30:04.228371 Previous night market was open, starting breakout check
[INFO ] 2026-03-04 06:30:05.128472 [BREAKOUT] 20-days high Breakout tickers: ABBV, COP, CVX, DUK, EQT, NFLX, RTX, TGT, VLO, VZ (Count: 10)
[INFO ] 2026-03-04 06:30:06.004769 [BREAKOUT] 55-days high Breakout tickers: ABBV, COP, CVX, DUK, EQT, NFLX, RTX, TGT, VLO, VZ (Count: 10)
[END  ] 2026-03-04 06:30:06.884153 Check breakout and exit at market close job ended
