[2026-02-24 23:10:21.479999] 20-days high breakout tickers:  (count: 0)
[2026-02-24 23:10:34.976963] 55-days high breakout tickers:  (count: 0)
[2026-02-24 23:20:21.610782] 20-days high breakout tickers:  (count: 0)
[2026-02-24 23:20:35.286995] 55-days high breakout tickers:  (count: 0)
[2026-02-24 23:30:21.037749] 20-days high breakout tickers:  (count: 0)
[2026-02-24 23:30:33.674834] 55-days high breakout tickers:  (count: 0)
[2026-02-24 23:40:21.001271] 20-days high breakout tickers:  (count: 0)
[2026-02-24 23:40:33.804879] 55-days high breakout tickers:  (count: 0)
[2026-02-24 23:50:20.664508] 20-days high breakout tickers:  (count: 0)
[2026-02-24 23:50:33.250842] 55-days high breakout tickers:  (count: 0)
[2026-02-25 00:00:03.875400] Market is closed, no breakout check performed
[2026-02-25 00:10:03.870709] Market is closed, no breakout check performed
[2026-02-25 00:20:03.898895] Market is closed, no breakout check performed
[2026-02-25 00:30:03.891743] Market is closed, no breakout check performed
[2026-02-25 00:40:03.910269] Market is closed, no breakout check performed
[2026-02-25 00:50:03.914288] Market is closed, no breakout check performed
[2026-02-25 01:00:03.938871] Market is closed, no breakout check performed
[2026-02-25 01:10:03.943307] Market is closed, no breakout check performed
[2026-02-25 01:20:03.964249] Market is closed, no breakout check performed
[2026-02-25 01:30:03.964636] Market is closed, no breakout check performed
[2026-02-25 01:40:03.990540] Market is closed, no breakout check performed
[2026-02-25 01:50:04.015229] Market is closed, no breakout check performed
[2026-02-25 02:00:04.012295] Market is closed, no breakout check performed
[2026-02-25 02:10:04.023524] Market is closed, no breakout check performed
[2026-02-25 02:20:04.038887] Market is closed, no breakout check performed
[2026-02-25 02:30:04.069530] Market is closed, no breakout check performed
[2026-02-25 02:40:04.058570] Market is closed, no breakout check performed
[2026-02-25 02:50:04.069159] Market is closed, no breakout check performed
[2026-02-25 03:00:04.092444] Market is closed, no breakout check performed
[2026-02-25 03:10:04.099385] Market is closed, no breakout check performed
[2026-02-25 03:20:04.124897] Market is closed, no breakout check performed
[2026-02-25 03:30:04.137212] Market is closed, no breakout check performed
[2026-02-25 03:40:04.152321] Market is closed, no breakout check performed
[2026-02-25 03:50:04.174553] Market is closed, no breakout check performed
[2026-02-25 04:00:04.179348] Market is closed, no breakout check performed
[2026-02-25 04:10:04.197248] Market is closed, no breakout check performed
[2026-02-25 04:20:04.201309] Market is closed, no breakout check performed
[2026-02-25 04:30:04.213444] Market is closed, no breakout check performed
[2026-02-25 04:40:04.237843] Market is closed, no breakout check performed
[2026-02-25 04:50:04.247736] Market is closed, no breakout check performed
[2026-02-25 12:47:53.541956] Market is closed, no breakout check performed
[2026-02-25 21:00:04.015935] Market is closed, no breakout check performed
[2026-02-25 21:10:03.566958] Market is closed, no breakout check performed
[2026-02-25 21:20:03.581836] Market is closed, no breakout check performed
[2026-02-25 21:30:03.645716] Market is closed, no breakout check performed
[2026-02-25 21:40:03.614581] Market is closed, no breakout check performed
[2026-02-25 21:50:07.461688] Market is closed, no breakout check performed
[2026-02-25 22:00:06.095399] Market is closed, no breakout check performed
[2026-02-25 22:10:03.694029] Market is closed, no breakout check performed
[2026-02-25 22:20:03.704553] Market is closed, no breakout check performed
[2026-02-25 22:30:25.927097] 20-days high breakout tickers: GEV, LIN, NRG, NVDA (count: 4)
[2026-02-25 22:30:38.040596] 55-days high breakout tickers: ALB, GEV, LIN, NRG, NVDA (count: 5)
[2026-02-25 22:40:17.209471] 20-days high breakout tickers: ALB, CEG, FCX, GE, GEV, LIN, NRG, NVDA (count: 8)
[2026-02-25 22:40:27.124827] 55-days high breakout tickers: ALB, FCX, GE, GEV, LIN, NRG, NVDA (count: 7)
[2026-02-25 22:50:17.414104] 20-days high breakout tickers: ALB, CEG, FCX, GE, GEV, LIN, MRK, NRG, NVDA (count: 9)
[2026-02-25 22:50:27.559036] 55-days high breakout tickers: ALB, FCX, GE, GEV, LIN, MRK, NRG, NVDA (count: 8)
[2026-02-25 23:00:17.920582] 20-days high breakout tickers: ALB, CEG, FCX, GE, GEV, LIN, MRK, NRG, NVDA (count: 9)
[2026-02-25 23:00:28.244189] 55-days high breakout tickers: ALB, FCX, GE, GEV, LIN, MRK, NRG, NVDA (count: 8)
[2026-02-25 23:10:17.105143] 20-days high breakout tickers: ALB, CEG, FCX, GE, GEV, LIN, MRK, NRG, NVDA (count: 9)
[2026-02-25 23:10:26.978971] 55-days high breakout tickers: ALB, FCX, GE, GEV, LIN, MRK, NRG, NVDA (count: 8)
[2026-02-25 23:20:17.457715] 20-days high breakout tickers: ALB, CEG, FCX, GE, GEV, LIN, MRK, NRG, NVDA (count: 9)
[2026-02-25 23:20:27.462912] 55-days high breakout tickers: ALB, FCX, GE, GEV, LIN, MRK, NRG, NVDA (count: 8)
[2026-02-25 23:30:22.668691] 20-days high breakout tickers: ALB, CEG, FCX, GE, GEV, LIN, MRK, NRG, NVDA (count: 9)
[2026-02-25 23:30:34.433772] 55-days high breakout tickers: ALB, FCX, GE, GEV, LIN, MRK, NRG, NVDA (count: 8)
[2026-02-25 23:40:17.545904] 20-days high breakout tickers: ALB, CEG, FCX, GE, GEV, LIN, MRK, NRG, NVDA (count: 9)
[2026-02-25 23:40:27.415964] 55-days high breakout tickers: ALB, FCX, GE, GEV, LIN, MRK, NRG, NVDA (count: 8)
[2026-02-25 23:50:17.167733] 20-days high breakout tickers: ALB, CEG, FCX, GE, GEV, LIN, MRK, NRG, NVDA (count: 9)
[2026-02-25 23:50:26.958818] 55-days high breakout tickers: ALB, FCX, GE, GEV, LIN, MRK, NRG, NVDA (count: 8)
[2026-02-26 00:00:04.114858] Market is closed, no breakout check performed
[2026-02-26 00:10:03.855465] Market is closed, no breakout check performed
[2026-02-26 00:20:03.928469] Market is closed, no breakout check performed
[2026-02-26 00:30:04.269614] Market is closed, no breakout check performed
[2026-02-26 00:40:03.909064] Market is closed, no breakout check performed
[2026-02-26 00:50:03.929389] Market is closed, no breakout check performed
[2026-02-26 01:00:04.077780] Market is closed, no breakout check performed
[2026-02-26 01:10:03.944586] Market is closed, no breakout check performed
[2026-02-26 01:20:03.974058] Market is closed, no breakout check performed
[2026-02-26 01:30:03.968004] Market is closed, no breakout check performed
[2026-02-26 01:40:03.973367] Market is closed, no breakout check performed
[2026-02-26 01:50:04.003811] Market is closed, no breakout check performed
[2026-02-26 02:00:04.023747] Market is closed, no breakout check performed
[2026-02-26 02:10:04.026595] Market is closed, no breakout check performed
[2026-02-26 02:20:04.068163] Market is closed, no breakout check performed
[2026-02-26 02:30:04.085247] Market is closed, no breakout check performed
[2026-02-26 02:40:04.101224] Market is closed, no breakout check performed
[2026-02-26 02:50:04.109934] Market is closed, no breakout check performed
[2026-02-26 03:00:04.116450] Market is closed, no breakout check performed
[2026-02-26 03:10:04.151184] Market is closed, no breakout check performed
[2026-02-26 03:20:04.117804] Market is closed, no breakout check performed
[2026-02-26 03:30:04.142920] Market is closed, no breakout check performed
[2026-02-26 03:40:04.156918] Market is closed, no breakout check performed
[2026-02-26 03:50:04.186122] Market is closed, no breakout check performed
[2026-02-26 04:00:04.183718] Market is closed, no breakout check performed
[2026-02-26 04:10:04.198463] Market is closed, no breakout check performed
[2026-02-26 04:20:04.205859] Market is closed, no breakout check performed
[2026-02-26 04:30:04.229908] Market is closed, no breakout check performed
[2026-02-26 04:40:04.225798] Market is closed, no breakout check performed
[2026-02-26 04:50:04.258947] Market is closed, no breakout check performed
[2026-02-26 21:00:07.003650] Market is closed, no breakout check performed
[2026-02-26 21:10:03.689867] Market is closed, no breakout check performed
[2026-02-26 21:20:03.647313] Market is closed, no breakout check performed
[2026-02-26 21:30:03.655134] Market is closed, no breakout check performed
[2026-02-26 21:40:03.667096] Market is closed, no breakout check performed
[2026-02-26 21:50:03.682812] Market is closed, no breakout check performed
[2026-02-26 22:00:03.693580] Market is closed, no breakout check performed
[2026-02-26 22:10:03.739862] Market is closed, no breakout check performed
[2026-02-26 22:20:05.028691] Market is closed, no breakout check performed
[2026-02-26 22:30:18.519087] 20-days high breakout tickers: DUK (count: 1)
[2026-02-26 22:30:29.395382] 55-days high breakout tickers: DUK (count: 1)
[2026-02-26 22:40:17.869657] 20-days high breakout tickers: DUK, LIN (count: 2)
[2026-02-26 22:40:28.683773] 55-days high breakout tickers: DUK, LIN (count: 2)
[2026-02-26 22:50:17.990806] 20-days high breakout tickers: DUK, LIN (count: 2)
[2026-02-26 22:50:28.231755] 55-days high breakout tickers: DUK, LIN (count: 2)
[2026-02-26 23:00:18.028269] 20-days high breakout tickers: DUK, LIN (count: 2)
[2026-02-26 23:00:28.640817] 55-days high breakout tickers: DUK, LIN (count: 2)
[2026-02-26 23:10:17.867949] 20-days high breakout tickers: DUK, LIN (count: 2)
[2026-02-26 23:10:28.045544] 55-days high breakout tickers: DUK, LIN (count: 2)
[2026-02-26 23:20:17.877785] 20-days high breakout tickers: DUK, LIN (count: 2)
[2026-02-26 23:20:28.096150] 55-days high breakout tickers: DUK, LIN (count: 2)
[2026-02-26 23:30:17.726497] 20-days high breakout tickers: DUK, LIN (count: 2)
[2026-02-26 23:30:28.109224] 55-days high breakout tickers: DUK, LIN (count: 2)
[2026-02-26 23:40:17.644503] 20-days high breakout tickers: DUK, LIN (count: 2)
[2026-02-26 23:40:27.398441] 55-days high breakout tickers: DUK, LIN (count: 2)
[2026-02-26 23:50:18.133610] 20-days high breakout tickers: DUK, LIN (count: 2)
[2026-02-26 23:50:28.723448] 55-days high breakout tickers: DUK, LIN (count: 2)
[2026-02-27 00:00:04.328089] Market is closed, no breakout check performed
[2026-02-27 00:10:03.898434] Market is closed, no breakout check performed
[2026-02-27 00:20:04.016153] Market is closed, no breakout check performed
[2026-02-27 00:30:03.968145] Market is closed, no breakout check performed
[2026-02-27 00:40:04.097682] Market is closed, no breakout check performed
[2026-02-28 00:43:00.194531] Market is closed, no breakout check performed
[2026-02-28 00:50:03.854779] Market is closed, no breakout check performed
[2026-02-28 01:00:03.872745] Market is closed, no breakout check performed
[2026-02-28 01:10:03.874467] Market is closed, no breakout check performed
[2026-02-28 01:20:03.887405] Market is closed, no breakout check performed
[2026-02-28 01:30:19.230159] Market is closed, no breakout check performed
[2026-02-28 01:40:07.011603] Market is closed, no breakout check performed
[2026-02-28 01:50:03.586430] Market is closed, no breakout check performed
[2026-02-28 02:00:03.570963] Market is closed, no breakout check performed
[2026-02-28 02:10:03.584159] Market is closed, no breakout check performed
[2026-02-28 02:20:03.593509] Market is closed, no breakout check performed
[2026-02-28 02:30:03.617395] Market is closed, no breakout check performed
[2026-02-28 02:40:03.634828] Market is closed, no breakout check performed
[2026-02-28 02:50:03.650519] Market is closed, no breakout check performed
[2026-02-28 03:00:03.692525] Market is closed, no breakout check performed
[2026-02-28 03:10:03.716568] Market is closed, no breakout check performed
[2026-02-28 03:20:03.677896] Market is closed, no breakout check performed
[2026-02-28 03:30:03.704806] Market is closed, no breakout check performed
[2026-02-28 03:40:03.727207] Market is closed, no breakout check performed
[2026-02-28 03:50:03.728630] Market is closed, no breakout check performed
[2026-02-28 04:00:03.738218] Market is closed, no breakout check performed
[2026-02-28 04:10:03.753555] Market is closed, no breakout check performed
[2026-02-28 04:20:03.772806] Market is closed, no breakout check performed
[2026-02-28 04:30:03.786061] Market is closed, no breakout check performed
[2026-02-28 04:40:03.800084] Market is closed, no breakout check performed
[2026-02-28 04:50:03.820771] Market is closed, no breakout check performed
[2026-02-28 21:00:08.096579] Market is closed, no breakout check performed
[2026-02-28 21:10:04.140616] Market is closed, no breakout check performed
[2026-02-28 21:20:04.139818] Market is closed, no breakout check performed
[2026-02-28 21:30:04.146312] Market is closed, no breakout check performed
[2026-02-28 21:40:04.160213] Market is closed, no breakout check performed
[2026-02-28 21:50:04.185349] Market is closed, no breakout check performed
[2026-02-28 22:00:04.229379] Market is closed, no breakout check performed
[2026-02-28 22:10:04.223654] Market is closed, no breakout check performed
[2026-02-28 22:20:03.223974] Market is closed, no breakout check performed
[2026-02-28 22:30:03.230446] Market is closed, no breakout check performed
[2026-02-28 22:40:03.256243] Market is closed, no breakout check performed
[2026-02-28 22:50:03.267994] Market is closed, no breakout check performed
[2026-02-28 23:00:03.288429] Market is closed, no breakout check performed
[2026-02-28 23:10:03.303209] Market is closed, no breakout check performed
[2026-02-28 23:20:03.324211] Market is closed, no breakout check performed
[2026-02-28 23:30:03.337385] Market is closed, no breakout check performed
[2026-02-28 23:40:03.432400] Market is closed, no breakout check performed
[2026-02-28 23:50:03.385913] Market is closed, no breakout check performed
[2026-03-01 00:00:03.404338] Market is closed, no breakout check performed
[2026-03-01 00:10:03.407362] Market is closed, no breakout check performed
[2026-03-01 00:20:03.431231] Market is closed, no breakout check performed
[2026-03-01 00:30:03.429087] Market is closed, no breakout check performed
[2026-03-01 00:40:03.438499] Market is closed, no breakout check performed
[2026-03-01 00:50:03.450303] Market is closed, no breakout check performed
[2026-03-01 01:00:03.472945] Market is closed, no breakout check performed
[2026-03-01 01:10:03.509806] Market is closed, no breakout check performed
[2026-03-01 01:20:03.497447] Market is closed, no breakout check performed
[2026-03-01 01:30:06.941889] Market is closed, no breakout check performed
[2026-03-01 01:40:03.560886] Market is closed, no breakout check performed
[2026-03-01 01:50:07.500887] Market is closed, no breakout check performed
[2026-03-01 02:00:06.786182] Market is closed, no breakout check performed
[2026-03-01 02:10:06.007147] Market is closed, no breakout check performed
[2026-03-01 02:20:04.172555] Market is closed, no breakout check performed
[2026-03-01 02:30:03.806983] Market is closed, no breakout check performed
[2026-03-01 02:40:03.821376] Market is closed, no breakout check performed
[2026-03-01 02:50:05.291518] Market is closed, no breakout check performed
[2026-03-01 03:00:07.479154] Market is closed, no breakout check performed
[2026-03-01 03:10:10.635689] Market is closed, no breakout check performed
[2026-03-01 03:20:13.489429] Market is closed, no breakout check performed
[2026-03-01 03:30:22.966917] Market is closed, no breakout check performed
[2026-03-01 03:40:08.103675] Market is closed, no breakout check performed
[2026-03-01 03:50:12.436677] Market is closed, no breakout check performed
[2026-03-01 04:00:09.265525] Market is closed, no breakout check performed
[2026-03-01 04:10:09.482516] Market is closed, no breakout check performed
[2026-03-01 04:20:11.535472] Market is closed, no breakout check performed
[2026-03-01 04:30:10.558990] Market is closed, no breakout check performed
[2026-03-01 04:40:09.842599] Market is closed, no breakout check performed
[2026-03-01 04:50:17.230645] Market is closed, no breakout check performed
[2026-03-01 21:00:07.223372] Market is closed, no breakout check performed
[2026-03-01 21:10:03.316411] Market is closed, no breakout check performed
[2026-03-01 21:20:03.296882] Market is closed, no breakout check performed
[2026-03-01 21:30:07.879784] Market is closed, no breakout check performed
[2026-03-01 21:40:03.367062] Market is closed, no breakout check performed
[2026-03-01 21:50:03.356275] Market is closed, no breakout check performed
[2026-03-01 22:00:03.418990] Market is closed, no breakout check performed
[2026-03-01 22:10:08.311443] Market is closed, no breakout check performed
[2026-03-01 22:20:06.730002] Market is closed, no breakout check performed
[2026-03-01 22:30:03.305710] Market is closed, no breakout check performed
[2026-03-01 22:40:03.365079] Market is closed, no breakout check performed
[2026-03-01 22:50:03.328393] Market is closed, no breakout check performed
[2026-03-01 23:00:03.392141] Market is closed, no breakout check performed
[2026-03-01 23:10:03.345852] Market is closed, no breakout check performed
[2026-03-01 23:20:03.393400] Market is closed, no breakout check performed
[2026-03-01 23:30:03.371947] Market is closed, no breakout check performed
[2026-03-01 23:40:03.410425] Market is closed, no breakout check performed
[2026-03-01 23:50:03.419313] Market is closed, no breakout check performed
[2026-03-02 00:00:03.522471] Market is closed, no breakout check performed
[2026-03-02 00:10:03.530178] Market is closed, no breakout check performed
[2026-03-02 00:20:03.542067] Market is closed, no breakout check performed
[2026-03-02 00:30:03.567059] Market is closed, no breakout check performed
[2026-03-02 00:40:03.580258] Market is closed, no breakout check performed
[2026-03-02 00:50:03.595705] Market is closed, no breakout check performed
[2026-03-02 01:00:07.301213] Market is closed, no breakout check performed
[2026-03-02 01:10:03.632344] Market is closed, no breakout check performed
[2026-03-02 01:20:03.638121] Market is closed, no breakout check performed
[2026-03-02 01:30:03.660596] Market is closed, no breakout check performed
[2026-03-02 01:40:03.687623] Market is closed, no breakout check performed
[2026-03-02 01:50:03.676016] Market is closed, no breakout check performed
[2026-03-02 02:00:03.701538] Market is closed, no breakout check performed
[2026-03-02 02:10:03.727698] Market is closed, no breakout check performed
[2026-03-02 02:20:03.698126] Market is closed, no breakout check performed
[2026-03-02 02:30:03.723531] Market is closed, no breakout check performed
[2026-03-02 02:40:03.748254] Market is closed, no breakout check performed
[2026-03-02 02:50:03.774892] Market is closed, no breakout check performed
[2026-03-02 03:00:03.771562] Market is closed, no breakout check performed
[2026-03-02 03:10:03.781343] Market is closed, no breakout check performed
[2026-03-02 03:20:03.823527] Market is closed, no breakout check performed
[2026-03-02 03:30:03.809380] Market is closed, no breakout check performed
[2026-03-02 03:40:03.845494] Market is closed, no breakout check performed
[2026-03-02 03:50:03.825620] Market is closed, no breakout check performed
[2026-03-02 04:00:03.854730] Market is closed, no breakout check performed
[2026-03-02 04:10:03.858563] Market is closed, no breakout check performed
[2026-03-02 04:20:03.893479] Market is closed, no breakout check performed
[2026-03-02 04:30:03.902315] Market is closed, no breakout check performed
[2026-03-02 04:40:03.903836] Market is closed, no breakout check performed
[2026-03-02 04:50:03.920619] Market is closed, no breakout check performed
[2026-03-02 21:00:03.529158] Market is closed, no breakout check performed
[2026-03-02 21:10:04.014538] Market is closed, no breakout check performed
[2026-03-02 21:20:06.651630] Market is closed, no breakout check performed
[2026-03-02 21:30:04.087243] Market is closed, no breakout check performed
[2026-03-02 21:40:05.526622] Market is closed, no breakout check performed
[2026-03-02 21:50:04.565924] Market is closed, no breakout check performed
[2026-03-02 22:00:07.317994] Market is closed, no breakout check performed
[2026-03-02 22:10:04.162246] Market is closed, no breakout check performed
[2026-03-02 22:20:04.134387] Market is closed, no breakout check performed
[2026-03-02 22:30:19.030940] 20-days high breakout tickers: NEM, OXY, RTX, VLO, XOM (count: 5)
[2026-03-02 22:30:29.848949] 55-days high breakout tickers: COP, EQT, OXY, RTX, VLO, XOM (count: 6)
[2026-03-02 22:40:18.961306] 20-days high breakout tickers: CEG, COP, CVX, EQT, NEM, NFLX, OXY, RTX, SLB, VLO, XOM (count: 11)
[2026-03-02 22:40:30.184418] 55-days high breakout tickers: COP, CVX, EQT, NFLX, OXY, RTX, SLB, VLO, XOM (count: 9)
[2026-03-02 22:50:19.531569] 20-days high breakout tickers: ABBV, CEG, COP, CVX, DUK, EQT, NEM, NFLX, OXY, RTX, SLB, VLO, XOM (count: 13)
[2026-03-02 22:50:30.842752] 55-days high breakout tickers: ABBV, COP, CVX, DUK, EQT, NFLX, OXY, RTX, SLB, VLO, XOM (count: 11)
[2026-03-02 23:00:19.206576] 20-days high breakout tickers: ABBV, CEG, COP, CVX, DUK, EQT, NEM, NFLX, OXY, RTX, SLB, VLO, XOM (count: 13)
[2026-03-02 23:00:41.064078] 55-days high breakout tickers: ABBV, COP, CVX, DUK, EQT, NFLX, OXY, RTX, SLB, VLO, XOM (count: 11)
[2026-03-02 23:10:18.843004] 20-days high breakout tickers: ABBV, CEG, COP, CVX, DUK, EQT, NEM, NFLX, OXY, RTX, SLB, VLO, XOM (count: 13)
[2026-03-02 23:10:29.550916] 55-days high breakout tickers: ABBV, COP, CVX, DUK, EQT, NFLX, OXY, RTX, SLB, VLO, XOM (count: 11)
[2026-03-02 23:20:22.282352] 20-days high breakout tickers: ABBV, CEG, COP, CVX, DUK, EQT, NEM, NFLX, OXY, RTX, SLB, VLO, XOM (count: 13)
[2026-03-02 23:20:32.169675] 55-days high breakout tickers: ABBV, COP, CVX, DUK, EQT, NFLX, OXY, RTX, SLB, VLO, XOM (count: 11)
[2026-03-02 23:30:18.219012] 20-days high breakout tickers: ABBV, CEG, COP, CVX, DUK, EQT, NEM, NFLX, OXY, RTX, SLB, VLO, XOM (count: 13)
[2026-03-02 23:30:28.753937] 55-days high breakout tickers: ABBV, COP, CVX, DUK, EQT, NFLX, OXY, RTX, SLB, VLO, XOM (count: 11)
[2026-03-02 23:40:18.419100] 20-days high breakout tickers: ABBV, CEG, COP, CVX, DUK, EQT, NEM, NFLX, OXY, RTX, SLB, VLO, XOM (count: 13)
[2026-03-02 23:40:28.394615] 55-days high breakout tickers: ABBV, COP, CVX, DUK, EQT, NFLX, OXY, RTX, SLB, VLO, XOM (count: 11)
[2026-03-02 23:50:18.992277] 20-days high breakout tickers: ABBV, CEG, COP, CVX, DUK, EQT, NEM, NFLX, OXY, RTX, SLB, VLO, XOM (count: 13)
[2026-03-02 23:50:29.514642] 55-days high breakout tickers: ABBV, COP, CVX, DUK, EQT, NFLX, OXY, RTX, SLB, VLO, XOM (count: 11)
[2026-03-03 00:00:04.350835] Market is closed, no breakout check performed
[2026-03-03 00:10:03.818139] Market is closed, no breakout check performed
[2026-03-03 00:20:05.008048] Market is closed, no breakout check performed
[2026-03-03 00:30:03.395038] Market is closed, no breakout check performed
[2026-03-03 00:40:03.413853] Market is closed, no breakout check performed
[2026-03-03 00:50:03.410965] Market is closed, no breakout check performed
[2026-03-03 01:00:03.454794] Market is closed, no breakout check performed
[2026-03-03 01:10:03.441450] Market is closed, no breakout check performed
[2026-03-03 01:20:03.445612] Market is closed, no breakout check performed
[2026-03-03 01:30:03.489733] Market is closed, no breakout check performed
[2026-03-03 01:40:03.483980] Market is closed, no breakout check performed
[2026-03-03 01:50:03.507623] Market is closed, no breakout check performed
[2026-03-03 02:00:03.524905] Market is closed, no breakout check performed
[2026-03-03 02:10:03.521476] Market is closed, no breakout check performed
[2026-03-03 02:20:03.556122] Market is closed, no breakout check performed
[2026-03-03 02:30:03.553436] Market is closed, no breakout check performed
[2026-03-03 02:40:03.552434] Market is closed, no breakout check performed
[2026-03-03 02:50:03.581735] Market is closed, no breakout check performed
[2026-03-03 03:00:03.583984] Market is closed, no breakout check performed
[2026-03-03 03:10:03.601811] Market is closed, no breakout check performed
[2026-03-03 03:20:03.627266] Market is closed, no breakout check performed
[2026-03-03 03:30:03.641040] Market is closed, no breakout check performed
[2026-03-03 03:40:03.651783] Market is closed, no breakout check performed
[2026-03-03 03:50:04.201299] Market is closed, no breakout check performed
[2026-03-03 04:00:03.714758] Market is closed, no breakout check performed
[2026-03-03 04:10:03.732031] Market is closed, no breakout check performed
[2026-03-03 04:20:03.705888] Market is closed, no breakout check performed
[2026-03-03 04:30:03.753414] Market is closed, no breakout check performed
[2026-03-03 04:40:07.291844] Market is closed, no breakout check performed
[2026-03-03 04:50:03.815338] Market is closed, no breakout check performed
[2026-03-03 20:00:46.959478] Market is closed, no breakout check performed
[2026-03-03 21:00:04.135659] Market is closed, no breakout check performed
[2026-03-03 21:10:04.151003] Market is closed, no breakout check performed
[2026-03-03 21:20:04.200763] Market is closed, no breakout check performed
[2026-03-03 21:30:04.183031] Market is closed, no breakout check performed
[2026-03-03 21:40:04.200726] Market is closed, no breakout check performed
[2026-03-03 21:50:04.225036] Market is closed, no breakout check performed
[2026-03-03 22:00:04.208246] Market is closed, no breakout check performed
[2026-03-03 22:10:04.224815] Market is closed, no breakout check performed
[2026-03-03 22:20:08.359346] Market is closed, no breakout check performed
[2026-03-03 22:30:18.474161] 20-days high breakout tickers: CVX, RTX, VLO (count: 3)
[2026-03-03 22:30:29.104735] 55-days high breakout tickers: CVX, RTX, VLO (count: 3)
[2026-03-03 22:40:18.370030] 20-days high breakout tickers: COP, CVX, EQT, RTX, VLO (count: 5)
[2026-03-03 22:40:29.193555] 55-days high breakout tickers: COP, CVX, EQT, RTX, VLO (count: 5)
[2026-03-03 22:50:19.832205] 20-days high breakout tickers: COP, CVX, EQT, RTX, TGT, VLO (count: 6)
[2026-03-03 22:50:30.203155] 55-days high breakout tickers: COP, CVX, EQT, RTX, TGT, VLO (count: 6)
[2026-03-03 23:00:20.031223] 20-days high breakout tickers: COP, CVX, EQT, RTX, TGT, VLO (count: 6)
[2026-03-03 23:00:31.154656] 55-days high breakout tickers: COP, CVX, EQT, RTX, TGT, VLO (count: 6)
[2026-03-03 23:10:18.097937] 20-days high breakout tickers: COP, CVX, EQT, RTX, TGT, VLO (count: 6)
[2026-03-03 23:10:28.329168] 55-days high breakout tickers: COP, CVX, EQT, RTX, TGT, VLO (count: 6)
[2026-03-03 23:20:17.032258] 20-days high breakout tickers: COP, CVX, EQT, RTX, TGT, VLO (count: 6)
[2026-03-03 23:20:27.148016] 55-days high breakout tickers: COP, CVX, EQT, RTX, TGT, VLO (count: 6)
[2026-03-03 23:28:56.120735] 20-days high breakout tickers: COP, CVX, EQT, RTX, TGT, VLO, VZ (count: 7)
[2026-03-03 23:29:06.469210] 55-days high breakout tickers: COP, CVX, EQT, RTX, TGT, VLO, VZ (count: 7)
[2026-03-03 23:30:17.514769] 20-days high breakout tickers: COP, CVX, EQT, RTX, TGT, VLO, VZ (count: 7)
[2026-03-03 23:30:27.449996] 55-days high breakout tickers: COP, CVX, EQT, RTX, TGT, VLO, VZ (count: 7)
[2026-03-03 23:32:30.321812] 20-days high breakout tickers: COP, CVX, EQT, RTX, TGT, VLO, VZ (count: 7)
[2026-03-03 23:32:41.442036] 55-days high breakout tickers: COP, CVX, EQT, RTX, TGT, VLO, VZ (count: 7)
[2026-03-03 23:40:17.533065] 20-days high breakout tickers: COP, CVX, EQT, RTX, TGT, VLO, VZ (count: 7)
[2026-03-03 23:40:27.785106] 55-days high breakout tickers: COP, CVX, EQT, RTX, TGT, VLO, VZ (count: 7)
[2026-03-03 23:50:17.172727] 20-days high breakout tickers: COP, CVX, EQT, RTX, TGT, VLO, VZ (count: 7)
[2026-03-03 23:50:27.222091] 55-days high breakout tickers: COP, CVX, EQT, RTX, TGT, VLO, VZ (count: 7)
[2026-03-04 00:00:16.995565] 20-days high breakout tickers: COP, CVX, EQT, RTX, TGT, VLO, VZ (count: 7)
[2026-03-04 00:00:27.175466] 55-days high breakout tickers: COP, CVX, EQT, RTX, TGT, VLO, VZ (count: 7)
[2026-03-04 00:10:17.317836] 20-days high breakout tickers: COP, CVX, EQT, RTX, TGT, VLO, VZ (count: 7)
[2026-03-04 00:10:27.743119] 55-days high breakout tickers: COP, CVX, EQT, RTX, TGT, VLO, VZ (count: 7)
[2026-03-04 00:20:17.676195] 20-days high breakout tickers: COP, CVX, EQT, RTX, TGT, VLO, VZ (count: 7)
[2026-03-04 00:20:27.337307] 55-days high breakout tickers: COP, CVX, EQT, RTX, TGT, VLO, VZ (count: 7)
[2026-03-04 00:30:17.437885] 20-days high breakout tickers: COP, CVX, EQT, RTX, TGT, VLO, VZ (count: 7)
[2026-03-04 00:30:29.404237] 55-days high breakout tickers: COP, CVX, EQT, RTX, TGT, VLO, VZ (count: 7)
[2026-03-04 00:40:17.016998] 20-days high breakout tickers: COP, CVX, EQT, RTX, TGT, VLO, VZ (count: 7)
[2026-03-04 00:40:27.024964] 55-days high breakout tickers: COP, CVX, EQT, RTX, TGT, VLO, VZ (count: 7)
[2026-03-04 00:50:18.363728] 20-days high breakout tickers: COP, CVX, EQT, RTX, TGT, VLO, VZ (count: 7)
[2026-03-04 00:50:29.251368] 55-days high breakout tickers: COP, CVX, EQT, RTX, TGT, VLO, VZ (count: 7)
[2026-03-04 01:00:17.653667] 20-days high breakout tickers: COP, CVX, EQT, RTX, TGT, VLO, VZ (count: 7)
[2026-03-04 01:00:27.438281] 55-days high breakout tickers: COP, CVX, EQT, RTX, TGT, VLO, VZ (count: 7)
[2026-03-04 01:10:18.669301] 20-days high breakout tickers: COP, CVX, EQT, RTX, TGT, VLO, VZ (count: 7)
[2026-03-04 01:10:29.670509] 55-days high breakout tickers: COP, CVX, EQT, RTX, TGT, VLO, VZ (count: 7)
[2026-03-04 01:20:17.506135] 20-days high breakout tickers: COP, CVX, EQT, RTX, TGT, VLO, VZ (count: 7)
[2026-03-04 01:20:27.262885] 55-days high breakout tickers: COP, CVX, EQT, RTX, TGT, VLO, VZ (count: 7)
[2026-03-04 01:30:17.684879] 20-days high breakout tickers: COP, CVX, EQT, RTX, TGT, VLO, VZ (count: 7)
[2026-03-04 01:30:27.614324] 55-days high breakout tickers: COP, CVX, EQT, RTX, TGT, VLO, VZ (count: 7)
[2026-03-04 01:40:17.079611] 20-days high breakout tickers: COP, CVX, EQT, RTX, TGT, VLO, VZ (count: 7)
[2026-03-04 01:40:27.066435] 55-days high breakout tickers: COP, CVX, EQT, RTX, TGT, VLO, VZ (count: 7)
[2026-03-04 01:50:16.865459] 20-days high breakout tickers: COP, CVX, EQT, RTX, TGT, VLO, VZ (count: 7)
[2026-03-04 01:50:26.638389] 55-days high breakout tickers: COP, CVX, EQT, RTX, TGT, VLO, VZ (count: 7)
[2026-03-04 02:00:17.098106] 20-days high breakout tickers: COP, CVX, EQT, RTX, TGT, VLO, VZ (count: 7)
[2026-03-04 02:00:27.384159] 55-days high breakout tickers: COP, CVX, EQT, RTX, TGT, VLO, VZ (count: 7)
[2026-03-04 02:10:16.925925] 20-days high breakout tickers: COP, CVX, EQT, RTX, TGT, VLO, VZ (count: 7)
[2026-03-04 02:10:26.709684] 55-days high breakout tickers: COP, CVX, EQT, RTX, TGT, VLO, VZ (count: 7)
[2026-03-04 02:20:16.806631] 20-days high breakout tickers: COP, CVX, EQT, RTX, TGT, VLO, VZ (count: 7)
[2026-03-04 02:20:26.627725] 55-days high breakout tickers: COP, CVX, EQT, RTX, TGT, VLO, VZ (count: 7)
[2026-03-04 02:30:16.886856] 20-days high breakout tickers: COP, CVX, EQT, RTX, TGT, VLO, VZ (count: 7)
[2026-03-04 02:30:26.812822] 55-days high breakout tickers: COP, CVX, EQT, RTX, TGT, VLO, VZ (count: 7)
[2026-03-04 02:40:16.750111] 20-days high breakout tickers: COP, CVX, EQT, RTX, TGT, VLO, VZ (count: 7)
[2026-03-04 02:40:26.334755] 55-days high breakout tickers: COP, CVX, EQT, RTX, TGT, VLO, VZ (count: 7)
[2026-03-04 02:50:17.183882] 20-days high breakout tickers: COP, CVX, EQT, RTX, TGT, VLO, VZ (count: 7)
[2026-03-04 02:50:27.212131] 55-days high breakout tickers: COP, CVX, EQT, RTX, TGT, VLO, VZ (count: 7)
[2026-03-04 03:00:17.662888] 20-days high breakout tickers: COP, CVX, EQT, RTX, TGT, VLO, VZ (count: 7)
[2026-03-04 03:00:30.200148] 55-days high breakout tickers: COP, CVX, EQT, RTX, TGT, VLO, VZ (count: 7)
[2026-03-04 03:10:17.206690] 20-days high breakout tickers: COP, CVX, EQT, RTX, TGT, VLO, VZ (count: 7)
[2026-03-04 03:10:26.855812] 55-days high breakout tickers: COP, CVX, EQT, RTX, TGT, VLO, VZ (count: 7)
[2026-03-04 03:20:17.683202] 20-days high breakout tickers: COP, CVX, EQT, RTX, TGT, VLO, VZ (count: 7)
[2026-03-04 03:20:27.353300] 55-days high breakout tickers: COP, CVX, EQT, RTX, TGT, VLO, VZ (count: 7)
[2026-03-04 03:30:17.005933] 20-days high breakout tickers: COP, CVX, EQT, RTX, TGT, VLO, VZ (count: 7)
[2026-03-04 03:30:26.624675] 55-days high breakout tickers: COP, CVX, EQT, RTX, TGT, VLO, VZ (count: 7)
[2026-03-04 03:40:17.160167] 20-days high breakout tickers: COP, CVX, EQT, RTX, TGT, VLO, VZ (count: 7)
[2026-03-04 03:40:26.932882] 55-days high breakout tickers: COP, CVX, EQT, RTX, TGT, VLO, VZ (count: 7)
[2026-03-04 03:50:16.962775] 20-days high breakout tickers: COP, CVX, EQT, RTX, TGT, VLO, VZ (count: 7)
[2026-03-04 03:50:26.559836] 55-days high breakout tickers: COP, CVX, EQT, RTX, TGT, VLO, VZ (count: 7)
[2026-03-04 04:00:16.846989] 20-days high breakout tickers: COP, CVX, EQT, RTX, TGT, VLO, VZ (count: 7)
[2026-03-04 04:00:26.511176] 55-days high breakout tickers: COP, CVX, EQT, RTX, TGT, VLO, VZ (count: 7)
[2026-03-04 04:10:17.204488] 20-days high breakout tickers: COP, CVX, EQT, RTX, TGT, VLO, VZ (count: 7)
[2026-03-04 04:10:26.746783] 55-days high breakout tickers: COP, CVX, EQT, RTX, TGT, VLO, VZ (count: 7)
[2026-03-04 04:20:16.948485] 20-days high breakout tickers: ABBV, COP, CVX, EQT, RTX, TGT, VLO, VZ (count: 8)
[2026-03-04 04:20:26.455932] 55-days high breakout tickers: ABBV, COP, CVX, EQT, RTX, TGT, VLO, VZ (count: 8)
[2026-03-04 04:30:17.224031] 20-days high breakout tickers: ABBV, COP, CVX, DUK, EQT, RTX, TGT, VLO, VZ (count: 9)
[2026-03-04 04:30:27.052705] 55-days high breakout tickers: ABBV, COP, CVX, DUK, EQT, RTX, TGT, VLO, VZ (count: 9)
[2026-03-04 04:40:17.034146] 20-days high breakout tickers: ABBV, COP, CVX, DUK, EQT, RTX, TGT, VLO, VZ (count: 9)
[2026-03-04 04:40:26.627998] 55-days high breakout tickers: ABBV, COP, CVX, DUK, EQT, RTX, TGT, VLO, VZ (count: 9)
[2026-03-04 04:50:17.215591] 20-days high breakout tickers: ABBV, COP, CVX, DUK, EQT, NFLX, RTX, TGT, VLO, VZ (count: 10)
[2026-03-04 04:50:26.850620] 55-days high breakout tickers: ABBV, COP, CVX, DUK, EQT, NFLX, RTX, TGT, VLO, VZ (count: 10)
[2026-03-04 21:00:08.382587] Market is closed, no breakout check performed
[2026-03-04 21:10:04.244331] Market is closed, no breakout check performed
[2026-03-04 21:20:04.233073] Market is closed, no breakout check performed
[2026-03-04 21:30:04.238779] Market is closed, no breakout check performed
[2026-03-04 21:40:04.238283] Market is closed, no breakout check performed
[2026-03-04 21:50:04.247387] Market is closed, no breakout check performed
[2026-03-04 22:00:04.283278] Market is closed, no breakout check performed
